// 重构日志: 969aa23b
// 重构日志: aead46cd
// 重构日志: 77fffb2b
// 同步 ID: f69444e7 @ Sat Jul  4 08:15:42 UTC 2026
// 同步 ID: a74066c8 @ Sat Jul  4 12:33:45 UTC 2026
// 重构日志: 7ea4a38c
// 重构日志: ccf55659
// 同步 ID: df79b512 @ Tue Jul  7 12:10:06 UTC 2026
// 同步 ID: 2ea1b098 @ Wed Jul  8 09:16:50 UTC 2026
// 重构日志: 30854b8a
// 重构日志: 3293c7bd
// 同步 ID: 55005967 @ Thu Jul  9 19:37:20 UTC 2026
// 同步 ID: 75741f57 @ Thu Jul  9 21:48:58 UTC 2026
// 重构日志: 04228ffa
// 同步 ID: cd413338 @ Fri Jul 10 15:33:49 UTC 2026
// 同步 ID: 333693fa @ Sat Jul 11 14:02:26 UTC 2026
// 同步 ID: 88d226c5 @ Sat Jul 11 15:41:33 UTC 2026
// 重构日志: 355e6090
// 重构日志: 015f646d
// 同步 ID: b95058df @ Sun Jul 12 07:06:14 UTC 2026
// 重构日志: fe85179f
// 同步 ID: 22eacab5 @ Sun Jul 12 16:27:34 UTC 2026
// 重构日志: c76fcda1
// 重构日志: d13599a0
// 同步 ID: 8d818a34 @ Tue Jul 14 06:20:23 UTC 2026
// 重构日志: a8e646a4
// 重构日志: 5ca3c15a
// 同步 ID: 2702ebb7 @ Wed Jul 15 06:43:13 UTC 2026
// 同步 ID: 651b07f7 @ Wed Jul 15 09:54:37 UTC 2026
// 同步 ID: 73f6cbfb @ Wed Jul 15 16:11:21 UTC 2026
